<?xml version="1.0" encoding="UTF-8"?>
<!-- Generated by org.testng.reporters.JUnitReportReporter -->
<testsuite hostname="VIJAYB-IN" failures="0" tests="1" name="com.tundra.DictionaryTest" time="0.071" errors="0" timestamp="2021-06-18T18:07:38 IST" skipped="0">
  <testcase classname="com.tundra.DictionaryTest" name="isEnglishWord_Positive" time="0.071"/>
  <system-out/>
</testsuite> <!-- com.tundra.DictionaryTest -->
